EchoXNative/app/build/intermediates/manifest_merge_blame_file/release/manifest-merger-blame-release-report.txt
1<?xml version="1.0" encoding="utf-8"?>
2<manifest xmlns:android="http://schemas.android.com/apk/res/android"
3    package="com.echox.app"
4    android:versionCode="1"
5    android:versionName="1.0" >
6
7    <uses-sdk
8        android:minSdkVersion="26"
9        android:targetSdkVersion="34" />
10
11    <uses-permission android:name="android.permission.INTERNET" />
11-->src/main/AndroidManifest.xml:5:5-67
11-->src/main/AndroidManifest.xml:5:22-64
12    <uses-permission android:name="android.permission.RECORD_AUDIO" />
12-->src/main/AndroidManifest.xml:6:5-71
12-->src/main/AndroidManifest.xml:6:22-68
13    <uses-permission android:name="android.permission.READ_EXTERNAL_STORAGE" />
13-->src/main/AndroidManifest.xml:7:5-80
13-->src/main/AndroidManifest.xml:7:22-77
14    <uses-permission
14-->src/main/AndroidManifest.xml:8:5-9:38
15        android:name="android.permission.WRITE_EXTERNAL_STORAGE"
15-->src/main/AndroidManifest.xml:8:22-78
16        android:maxSdkVersion="28" />
16-->src/main/AndroidManifest.xml:9:9-35
17
18    <queries>
18-->[net.openid:appauth:0.11.1] AndroidManifest.xml:24:5-32:15
19        <intent>
19-->[net.openid:appauth:0.11.1] AndroidManifest.xml:25:9-31:18
20            <action android:name="android.intent.action.VIEW" />
20-->src/main/AndroidManifest.xml:34:17-69
20-->src/main/AndroidManifest.xml:34:25-66
21
22            <category android:name="android.intent.category.BROWSABLE" />
22-->src/main/AndroidManifest.xml:36:17-78
22-->src/main/AndroidManifest.xml:36:27-75
23
24            <data android:scheme="https" />
24-->src/main/AndroidManifest.xml:37:17-72
24-->src/main/AndroidManifest.xml:37:23-45
25        </intent>
26    </queries>
27
28    <uses-permission android:name="android.permission.ACCESS_NETWORK_STATE" />
28-->[androidx.media3:media3-exoplayer:1.2.0] AndroidManifest.xml:22:5-79
28-->[androidx.media3:media3-exoplayer:1.2.0] AndroidManifest.xml:22:22-76
29
30    <permission
30-->[androidx.core:core:1.12.0] AndroidManifest.xml:22:5-24:47
31        android:name="com.echox.app.DYNAMIC_RECEIVER_NOT_EXPORTED_PERMISSION"
31-->[androidx.core:core:1.12.0] AndroidManifest.xml:23:9-81
32        android:protectionLevel="signature" />
32-->[androidx.core:core:1.12.0] AndroidManifest.xml:24:9-44
33
34    <uses-permission android:name="com.echox.app.DYNAMIC_RECEIVER_NOT_EXPORTED_PERMISSION" />
34-->[androidx.core:core:1.12.0] AndroidManifest.xml:26:5-97
34-->[androidx.core:core:1.12.0] AndroidManifest.xml:26:22-94
35
36    <application
36-->src/main/AndroidManifest.xml:11:5-40:19
37        android:allowBackup="true"
37-->src/main/AndroidManifest.xml:12:9-35
38        android:appComponentFactory="androidx.core.app.CoreComponentFactory"
38-->[androidx.core:core:1.12.0] AndroidManifest.xml:28:18-86
39        android:dataExtractionRules="@xml/data_extraction_rules"
39-->src/main/AndroidManifest.xml:13:9-65
40        android:extractNativeLibs="false"
41        android:fullBackupContent="@xml/backup_rules"
41-->src/main/AndroidManifest.xml:14:9-54
42        android:icon="@drawable/icon"
42-->src/main/AndroidManifest.xml:15:9-38
43        android:label="EchoX"
43-->src/main/AndroidManifest.xml:16:9-30
44        android:roundIcon="@drawable/icon"
44-->src/main/AndroidManifest.xml:17:9-43
45        android:supportsRtl="true"
45-->src/main/AndroidManifest.xml:18:9-35
46        android:theme="@style/Theme.EchoX" >
46-->src/main/AndroidManifest.xml:19:9-43
47        <activity
47-->src/main/AndroidManifest.xml:21:9-39:20
48            android:name="com.echox.app.MainActivity"
48-->src/main/AndroidManifest.xml:22:13-41
49            android:exported="true"
49-->src/main/AndroidManifest.xml:23:13-36
50            android:label="EchoX"
50-->src/main/AndroidManifest.xml:24:13-34
51            android:theme="@style/Theme.EchoX" >
51-->src/main/AndroidManifest.xml:25:13-47
52            <intent-filter>
52-->src/main/AndroidManifest.xml:26:13-30:29
53                <action android:name="android.intent.action.MAIN" />
53-->src/main/AndroidManifest.xml:27:17-69
53-->src/main/AndroidManifest.xml:27:25-66
54
55                <category android:name="android.intent.category.LAUNCHER" />
55-->src/main/AndroidManifest.xml:29:17-77
55-->src/main/AndroidManifest.xml:29:27-74
56            </intent-filter>
57
58            <!-- Deep Link for X Auth -->
59            <intent-filter>
59-->src/main/AndroidManifest.xml:33:13-38:29
60                <action android:name="android.intent.action.VIEW" />
60-->src/main/AndroidManifest.xml:34:17-69
60-->src/main/AndroidManifest.xml:34:25-66
61
62                <category android:name="android.intent.category.DEFAULT" />
62-->src/main/AndroidManifest.xml:35:17-76
62-->src/main/AndroidManifest.xml:35:27-73
63                <category android:name="android.intent.category.BROWSABLE" />
63-->src/main/AndroidManifest.xml:36:17-78
63-->src/main/AndroidManifest.xml:36:27-75
64
65                <data
65-->src/main/AndroidManifest.xml:37:17-72
66                    android:host="callback"
66-->src/main/AndroidManifest.xml:37:46-69
67                    android:scheme="echox" />
67-->src/main/AndroidManifest.xml:37:23-45
68            </intent-filter>
69        </activity>
70        <activity
70-->[net.openid:appauth:0.11.1] AndroidManifest.xml:35:9-40:77
71            android:name="net.openid.appauth.AuthorizationManagementActivity"
71-->[net.openid:appauth:0.11.1] AndroidManifest.xml:36:13-78
72            android:configChanges="screenSize|smallestScreenSize|screenLayout|orientation|keyboard|keyboardHidden"
72-->[net.openid:appauth:0.11.1] AndroidManifest.xml:37:13-115
73            android:exported="false"
73-->[net.openid:appauth:0.11.1] AndroidManifest.xml:38:13-37
74            android:launchMode="singleTask"
74-->[net.openid:appauth:0.11.1] AndroidManifest.xml:39:13-44
75            android:theme="@style/Theme.AppCompat.Translucent.NoTitleBar" />
75-->[net.openid:appauth:0.11.1] AndroidManifest.xml:40:13-74
76        <activity
76-->[net.openid:appauth:0.11.1] AndroidManifest.xml:41:9-52:20
77            android:name="net.openid.appauth.RedirectUriReceiverActivity"
77-->[net.openid:appauth:0.11.1] AndroidManifest.xml:42:13-74
78            android:exported="true" >
78-->[net.openid:appauth:0.11.1] AndroidManifest.xml:43:13-36
79            <intent-filter>
79-->[net.openid:appauth:0.11.1] AndroidManifest.xml:44:13-51:29
80                <action android:name="android.intent.action.VIEW" />
80-->src/main/AndroidManifest.xml:34:17-69
80-->src/main/AndroidManifest.xml:34:25-66
81
82                <category android:name="android.intent.category.DEFAULT" />
82-->src/main/AndroidManifest.xml:35:17-76
82-->src/main/AndroidManifest.xml:35:27-73
83                <category android:name="android.intent.category.BROWSABLE" />
83-->src/main/AndroidManifest.xml:36:17-78
83-->src/main/AndroidManifest.xml:36:27-75
84
85                <data android:scheme="echox" />
85-->src/main/AndroidManifest.xml:37:17-72
85-->src/main/AndroidManifest.xml:37:23-45
86            </intent-filter>
87        </activity>
88
89        <provider
89-->[androidx.emoji2:emoji2:1.3.0] AndroidManifest.xml:24:9-32:20
90            android:name="androidx.startup.InitializationProvider"
90-->[androidx.emoji2:emoji2:1.3.0] AndroidManifest.xml:25:13-67
91            android:authorities="com.echox.app.androidx-startup"
91-->[androidx.emoji2:emoji2:1.3.0] AndroidManifest.xml:26:13-68
92            android:exported="false" >
92-->[androidx.emoji2:emoji2:1.3.0] AndroidManifest.xml:27:13-37
93            <meta-data
93-->[androidx.emoji2:emoji2:1.3.0] AndroidManifest.xml:29:13-31:52
94                android:name="androidx.emoji2.text.EmojiCompatInitializer"
94-->[androidx.emoji2:emoji2:1.3.0] AndroidManifest.xml:30:17-75
95                android:value="androidx.startup" />
95-->[androidx.emoji2:emoji2:1.3.0] AndroidManifest.xml:31:17-49
96            <meta-data
96-->[androidx.lifecycle:lifecycle-process:2.7.0] AndroidManifest.xml:29:13-31:52
97                android:name="androidx.lifecycle.ProcessLifecycleInitializer"
97-->[androidx.lifecycle:lifecycle-process:2.7.0] AndroidManifest.xml:30:17-78
98                android:value="androidx.startup" />
98-->[androidx.lifecycle:lifecycle-process:2.7.0] AndroidManifest.xml:31:17-49
99            <meta-data
99-->[androidx.profileinstaller:profileinstaller:1.3.1] AndroidManifest.xml:29:13-31:52
100                android:name="androidx.profileinstaller.ProfileInstallerInitializer"
100-->[androidx.profileinstaller:profileinstaller:1.3.1] AndroidManifest.xml:30:17-85
101                android:value="androidx.startup" />
101-->[androidx.profileinstaller:profileinstaller:1.3.1] AndroidManifest.xml:31:17-49
102        </provider>
103
104        <receiver
104-->[androidx.profileinstaller:profileinstaller:1.3.1] AndroidManifest.xml:34:9-52:20
105            android:name="androidx.profileinstaller.ProfileInstallReceiver"
105-->[androidx.profileinstaller:profileinstaller:1.3.1] AndroidManifest.xml:35:13-76
106            android:directBootAware="false"
106-->[androidx.profileinstaller:profileinstaller:1.3.1] AndroidManifest.xml:36:13-44
107            android:enabled="true"
107-->[androidx.profileinstaller:profileinstaller:1.3.1] AndroidManifest.xml:37:13-35
108            android:exported="true"
108-->[androidx.profileinstaller:profileinstaller:1.3.1] AndroidManifest.xml:38:13-36
109            android:permission="android.permission.DUMP" >
109-->[androidx.profileinstaller:profileinstaller:1.3.1] AndroidManifest.xml:39:13-57
110            <intent-filter>
110-->[androidx.profileinstaller:profileinstaller:1.3.1] AndroidManifest.xml:40:13-42:29
111                <action android:name="androidx.profileinstaller.action.INSTALL_PROFILE" />
111-->[androidx.profileinstaller:profileinstaller:1.3.1] AndroidManifest.xml:41:17-91
111-->[androidx.profileinstaller:profileinstaller:1.3.1] AndroidManifest.xml:41:25-88
112            </intent-filter>
113            <intent-filter>
113-->[androidx.profileinstaller:profileinstaller:1.3.1] AndroidManifest.xml:43:13-45:29
114                <action android:name="androidx.profileinstaller.action.SKIP_FILE" />
114-->[androidx.profileinstaller:profileinstaller:1.3.1] AndroidManifest.xml:44:17-85
114-->[androidx.profileinstaller:profileinstaller:1.3.1] AndroidManifest.xml:44:25-82
115            </intent-filter>
116            <intent-filter>
116-->[androidx.profileinstaller:profileinstaller:1.3.1] AndroidManifest.xml:46:13-48:29
117                <action android:name="androidx.profileinstaller.action.SAVE_PROFILE" />
117-->[androidx.profileinstaller:profileinstaller:1.3.1] AndroidManifest.xml:47:17-88
117-->[androidx.profileinstaller:profileinstaller:1.3.1] AndroidManifest.xml:47:25-85
118            </intent-filter>
119            <intent-filter>
119-->[androidx.profileinstaller:profileinstaller:1.3.1] AndroidManifest.xml:49:13-51:29
120                <action android:name="androidx.profileinstaller.action.BENCHMARK_OPERATION" />
120-->[androidx.profileinstaller:profileinstaller:1.3.1] AndroidManifest.xml:50:17-95
120-->[androidx.profileinstaller:profileinstaller:1.3.1] AndroidManifest.xml:50:25-92
121            </intent-filter>
122        </receiver>
123    </application>
124
125</manifest>